[debug] [2026-06-11T08:33:45.083Z] ----------------------------------------------------------------------
[debug] [2026-06-11T08:33:45.089Z] Command:       C:\Program Files\nodejs\node.exe C:\Users\Administrateur\Desktop\FK\GKMarket\node_modules\firebase-tools\lib\bin\firebase.js emulators:start --only auth --project demo-gkmarket
[debug] [2026-06-11T08:33:45.093Z] CLI Version:   15.20.0
[debug] [2026-06-11T08:33:45.094Z] Platform:      win32
[debug] [2026-06-11T08:33:45.095Z] Node Version:  v22.22.0
[debug] [2026-06-11T08:33:45.095Z] Time:          Thu Jun 11 2026 08:33:45 GMT+0000 (temps universel coordonné)
[debug] [2026-06-11T08:33:45.096Z] ----------------------------------------------------------------------
[debug] 
[debug] [2026-06-11T08:33:45.101Z] >>> [apiv2][query] GET https://firebase-public.firebaseio.com/cli.json [none]
[info] i  emulators: Starting emulators: auth {"metadata":{"emulator":{"name":"hub"},"message":"Starting emulators: auth"}}
[info] i  emulators: Detected demo project ID "demo-gkmarket", emulated services will use a demo configuration and attempts to access non-emulated services for this project will fail. {"metadata":{"emulator":{"name":"hub"},"message":"Detected demo project ID \"demo-gkmarket\", emulated services will use a demo configuration and attempts to access non-emulated services for this project will fail."}}
[debug] [2026-06-11T08:33:47.765Z] [logging] Logging Emulator only supports listening on one address (127.0.0.1). Not listening on ::1
[debug] [2026-06-11T08:33:47.765Z] [auth] Authentication Emulator only supports listening on one address (127.0.0.1). Not listening on ::1
[debug] [2026-06-11T08:33:47.765Z] assigned listening specs for emulators {"user":{"hub":[{"address":"127.0.0.1","family":"IPv4","port":4400},{"address":"::1","family":"IPv6","port":4400}],"ui":[{"address":"127.0.0.1","family":"IPv4","port":4000},{"address":"::1","family":"IPv6","port":4000}],"logging":[{"address":"127.0.0.1","family":"IPv4","port":4500}],"auth":[{"address":"127.0.0.1","family":"IPv4","port":9099}]},"metadata":{"message":"assigned listening specs for emulators"}}
[debug] [2026-06-11T08:33:47.771Z] Write emulator hub locator at C:\Users\ADMINI~1\AppData\Local\Temp\hub-demo-gkmarket.json
[info] i  ui: downloading ui-v1.15.0.zip... {"metadata":{"emulator":{"name":"ui"},"message":"downloading ui-v1.15.0.zip..."}}
[debug] [2026-06-11T08:33:54.486Z] >>> [apiv2][query] GET https://storage.googleapis.com/firebase-preview-drop/emulator/ui-v1.15.0.zip 
[debug] [2026-06-11T08:33:54.964Z] <<< [apiv2][status] GET https://storage.googleapis.com/firebase-preview-drop/emulator/ui-v1.15.0.zip 200
[debug] [2026-06-11T08:33:54.964Z] <<< [apiv2][body] GET https://storage.googleapis.com/firebase-preview-drop/emulator/ui-v1.15.0.zip [stream]
[debug] [2026-06-11T08:33:54.985Z] <<< [apiv2][status] GET https://firebase-public.firebaseio.com/cli.json 200
[debug] [2026-06-11T08:33:54.985Z] <<< [apiv2][body] GET https://firebase-public.firebaseio.com/cli.json {"cloudBuildErrorAfter":1594252800000,"cloudBuildWarnAfter":1590019200000,"defaultNode10After":1594252800000,"minVersion":"3.0.5","node8DeploysDisabledAfter":1613390400000,"node8RuntimeDisabledAfter":1615809600000,"node8WarnAfter":1600128000000}
[debug] [2026-06-11T08:33:56.139Z] Data is 3538469
[debug] [2026-06-11T08:33:56.140Z] [unzip] Entry: client/ (compressed_size=0 bytes, uncompressed_size=0 bytes)
[debug] [2026-06-11T08:33:56.140Z] [unzip] Processing entry: client\
[debug] [2026-06-11T08:33:56.140Z] [unzip] mkdir: C:\Users\Administrateur\.cache\firebase\emulators\ui-v1.15.0\client\
[debug] [2026-06-11T08:33:56.141Z] [unzip] Entry: client/favicon-16x16.png (compressed_size=293 bytes, uncompressed_size=293 bytes)
[debug] [2026-06-11T08:33:56.141Z] [unzip] Processing entry: client\favicon-16x16.png
[debug] [2026-06-11T08:33:56.141Z] [unzip] else mkdir: C:\Users\Administrateur\.cache\firebase\emulators\ui-v1.15.0\client
[debug] [2026-06-11T08:33:56.141Z] [unzip] Writing file: C:\Users\Administrateur\.cache\firebase\emulators\ui-v1.15.0\client\favicon-16x16.png
[debug] [2026-06-11T08:33:56.143Z] [unzip] Entry: client/safari-pinned-tab.svg (compressed_size=1433 bytes, uncompressed_size=2611 bytes)
[debug] [2026-06-11T08:33:56.143Z] [unzip] Processing entry: client\safari-pinned-tab.svg
[debug] [2026-06-11T08:33:56.143Z] [unzip] else mkdir: C:\Users\Administrateur\.cache\firebase\emulators\ui-v1.15.0\client
[debug] [2026-06-11T08:33:56.143Z] [unzip] deflating: C:\Users\Administrateur\.cache\firebase\emulators\ui-v1.15.0\client\safari-pinned-tab.svg
[debug] [2026-06-11T08:33:56.148Z] [unzip] Entry: client/favicon.ico (compressed_size=2933 bytes, uncompressed_size=13294 bytes)
[debug] [2026-06-11T08:33:56.148Z] [unzip] Processing entry: client\favicon.ico
[debug] [2026-06-11T08:33:56.148Z] [unzip] else mkdir: C:\Users\Administrateur\.cache\firebase\emulators\ui-v1.15.0\client
[debug] [2026-06-11T08:33:56.149Z] [unzip] deflating: C:\Users\Administrateur\.cache\firebase\emulators\ui-v1.15.0\client\favicon.ico
[debug] [2026-06-11T08:33:56.151Z] [unzip] Entry: client/index.html (compressed_size=1364 bytes, uncompressed_size=3071 bytes)
[debug] [2026-06-11T08:33:56.151Z] [unzip] Processing entry: client\index.html
[debug] [2026-06-11T08:33:56.151Z] [unzip] else mkdir: C:\Users\Administrateur\.cache\firebase\emulators\ui-v1.15.0\client
[debug] [2026-06-11T08:33:56.151Z] [unzip] deflating: C:\Users\Administrateur\.cache\firebase\emulators\ui-v1.15.0\client\index.html
[debug] [2026-06-11T08:33:56.153Z] [unzip] Entry: client/android-chrome-192x192.png (compressed_size=2684 bytes, uncompressed_size=2684 bytes)
[debug] [2026-06-11T08:33:56.153Z] [unzip] Processing entry: client\android-chrome-192x192.png
[debug] [2026-06-11T08:33:56.153Z] [unzip] else mkdir: C:\Users\Administrateur\.cache\firebase\emulators\ui-v1.15.0\client
[debug] [2026-06-11T08:33:56.153Z] [unzip] Writing file: C:\Users\Administrateur\.cache\firebase\emulators\ui-v1.15.0\client\android-chrome-192x192.png
[debug] [2026-06-11T08:33:56.154Z] [unzip] Entry: client/apple-touch-icon.png (compressed_size=2123 bytes, uncompressed_size=2152 bytes)
[debug] [2026-06-11T08:33:56.154Z] [unzip] Processing entry: client\apple-touch-icon.png
[debug] [2026-06-11T08:33:56.154Z] [unzip] else mkdir: C:\Users\Administrateur\.cache\firebase\emulators\ui-v1.15.0\client
[debug] [2026-06-11T08:33:56.154Z] [unzip] deflating: C:\Users\Administrateur\.cache\firebase\emulators\ui-v1.15.0\client\apple-touch-icon.png
[debug] [2026-06-11T08:33:56.156Z] [unzip] Entry: client/android-chrome-512x512.png (compressed_size=5369 bytes, uncompressed_size=5411 bytes)
[debug] [2026-06-11T08:33:56.156Z] [unzip] Processing entry: client\android-chrome-512x512.png
[debug] [2026-06-11T08:33:56.156Z] [unzip] else mkdir: C:\Users\Administrateur\.cache\firebase\emulators\ui-v1.15.0\client
[debug] [2026-06-11T08:33:56.156Z] [unzip] deflating: C:\Users\Administrateur\.cache\firebase\emulators\ui-v1.15.0\client\android-chrome-512x512.png
[debug] [2026-06-11T08:33:56.158Z] [unzip] Entry: client/manifest.json (compressed_size=245 bytes, uncompressed_size=551 bytes)
[debug] [2026-06-11T08:33:56.158Z] [unzip] Processing entry: client\manifest.json
[debug] [2026-06-11T08:33:56.158Z] [unzip] else mkdir: C:\Users\Administrateur\.cache\firebase\emulators\ui-v1.15.0\client
[debug] [2026-06-11T08:33:56.158Z] [unzip] deflating: C:\Users\Administrateur\.cache\firebase\emulators\ui-v1.15.0\client\manifest.json
[debug] [2026-06-11T08:33:56.160Z] [unzip] Entry: client/robots.txt (compressed_size=26 bytes, uncompressed_size=26 bytes)
[debug] [2026-06-11T08:33:56.160Z] [unzip] Processing entry: client\robots.txt
[debug] [2026-06-11T08:33:56.160Z] [unzip] else mkdir: C:\Users\Administrateur\.cache\firebase\emulators\ui-v1.15.0\client
[debug] [2026-06-11T08:33:56.160Z] [unzip] Writing file: C:\Users\Administrateur\.cache\firebase\emulators\ui-v1.15.0\client\robots.txt
[debug] [2026-06-11T08:33:56.161Z] [unzip] Entry: client/mstile-150x150.png (compressed_size=2034 bytes, uncompressed_size=2034 bytes)
[debug] [2026-06-11T08:33:56.161Z] [unzip] Processing entry: client\mstile-150x150.png
[debug] [2026-06-11T08:33:56.161Z] [unzip] else mkdir: C:\Users\Administrateur\.cache\firebase\emulators\ui-v1.15.0\client
[debug] [2026-06-11T08:33:56.161Z] [unzip] Writing file: C:\Users\Administrateur\.cache\firebase\emulators\ui-v1.15.0\client\mstile-150x150.png
[debug] [2026-06-11T08:33:56.162Z] [unzip] Entry: client/assets/ (compressed_size=0 bytes, uncompressed_size=0 bytes)
[debug] [2026-06-11T08:33:56.162Z] [unzip] Processing entry: client\assets\
[debug] [2026-06-11T08:33:56.162Z] [unzip] mkdir: C:\Users\Administrateur\.cache\firebase\emulators\ui-v1.15.0\client\assets\
[debug] [2026-06-11T08:33:56.163Z] [unzip] Entry: client/assets/index-BX-A56oj.js (compressed_size=582089 bytes, uncompressed_size=2092775 bytes)
[debug] [2026-06-11T08:33:56.163Z] [unzip] Processing entry: client\assets\index-BX-A56oj.js
[debug] [2026-06-11T08:33:56.163Z] [unzip] else mkdir: C:\Users\Administrateur\.cache\firebase\emulators\ui-v1.15.0\client\assets
[debug] [2026-06-11T08:33:56.163Z] [unzip] deflating: C:\Users\Administrateur\.cache\firebase\emulators\ui-v1.15.0\client\assets\index-BX-A56oj.js
[debug] [2026-06-11T08:33:56.175Z] [unzip] Entry: client/assets/index-CjB9C900.css (compressed_size=35979 bytes, uncompressed_size=298654 bytes)
[debug] [2026-06-11T08:33:56.175Z] [unzip] Processing entry: client\assets\index-CjB9C900.css
[debug] [2026-06-11T08:33:56.175Z] [unzip] else mkdir: C:\Users\Administrateur\.cache\firebase\emulators\ui-v1.15.0\client\assets
[debug] [2026-06-11T08:33:56.176Z] [unzip] deflating: C:\Users\Administrateur\.cache\firebase\emulators\ui-v1.15.0\client\assets\index-CjB9C900.css
[debug] [2026-06-11T08:33:56.178Z] [unzip] Entry: client/assets/index-BX-A56oj.js.map (compressed_size=2362482 bytes, uncompressed_size=10036679 bytes)
[debug] [2026-06-11T08:33:56.178Z] [unzip] Processing entry: client\assets\index-BX-A56oj.js.map
[debug] [2026-06-11T08:33:56.178Z] [unzip] else mkdir: C:\Users\Administrateur\.cache\firebase\emulators\ui-v1.15.0\client\assets
[debug] [2026-06-11T08:33:56.179Z] [unzip] deflating: C:\Users\Administrateur\.cache\firebase\emulators\ui-v1.15.0\client\assets\index-BX-A56oj.js.map
[debug] [2026-06-11T08:33:56.227Z] [unzip] Entry: client/assets/extensions/ (compressed_size=0 bytes, uncompressed_size=0 bytes)
[debug] [2026-06-11T08:33:56.227Z] [unzip] Processing entry: client\assets\extensions\
[debug] [2026-06-11T08:33:56.228Z] [unzip] mkdir: C:\Users\Administrateur\.cache\firebase\emulators\ui-v1.15.0\client\assets\extensions\
[debug] [2026-06-11T08:33:56.228Z] [unzip] Entry: client/assets/extensions/default-extension.png (compressed_size=1646 bytes, uncompressed_size=1657 bytes)
[debug] [2026-06-11T08:33:56.228Z] [unzip] Processing entry: client\assets\extensions\default-extension.png
[debug] [2026-06-11T08:33:56.228Z] [unzip] else mkdir: C:\Users\Administrateur\.cache\firebase\emulators\ui-v1.15.0\client\assets\extensions
[debug] [2026-06-11T08:33:56.228Z] [unzip] deflating: C:\Users\Administrateur\.cache\firebase\emulators\ui-v1.15.0\client\assets\extensions\default-extension.png
[debug] [2026-06-11T08:33:56.229Z] [unzip] Entry: client/assets/img/ (compressed_size=0 bytes, uncompressed_size=0 bytes)
[debug] [2026-06-11T08:33:56.230Z] [unzip] Processing entry: client\assets\img\
[debug] [2026-06-11T08:33:56.230Z] [unzip] mkdir: C:\Users\Administrateur\.cache\firebase\emulators\ui-v1.15.0\client\assets\img\
[debug] [2026-06-11T08:33:56.230Z] [unzip] Entry: client/assets/img/database.png (compressed_size=29449 bytes, uncompressed_size=29988 bytes)
[debug] [2026-06-11T08:33:56.230Z] [unzip] Processing entry: client\assets\img\database.png
[debug] [2026-06-11T08:33:56.230Z] [unzip] else mkdir: C:\Users\Administrateur\.cache\firebase\emulators\ui-v1.15.0\client\assets\img
[debug] [2026-06-11T08:33:56.230Z] [unzip] deflating: C:\Users\Administrateur\.cache\firebase\emulators\ui-v1.15.0\client\assets\img\database.png
[debug] [2026-06-11T08:33:56.232Z] [unzip] Entry: client/assets/provider-icons/ (compressed_size=0 bytes, uncompressed_size=0 bytes)
[debug] [2026-06-11T08:33:56.232Z] [unzip] Processing entry: client\assets\provider-icons\
[debug] [2026-06-11T08:33:56.232Z] [unzip] mkdir: C:\Users\Administrateur\.cache\firebase\emulators\ui-v1.15.0\client\assets\provider-icons\
[debug] [2026-06-11T08:33:56.232Z] [unzip] Entry: client/assets/provider-icons/auth_service_saml.svg (compressed_size=575 bytes, uncompressed_size=1226 bytes)
[debug] [2026-06-11T08:33:56.232Z] [unzip] Processing entry: client\assets\provider-icons\auth_service_saml.svg
[debug] [2026-06-11T08:33:56.232Z] [unzip] else mkdir: C:\Users\Administrateur\.cache\firebase\emulators\ui-v1.15.0\client\assets\provider-icons
[debug] [2026-06-11T08:33:56.233Z] [unzip] deflating: C:\Users\Administrateur\.cache\firebase\emulators\ui-v1.15.0\client\assets\provider-icons\auth_service_saml.svg
[debug] [2026-06-11T08:33:56.234Z] [unzip] Entry: client/assets/provider-icons/auth_service_phone.svg (compressed_size=261 bytes, uncompressed_size=414 bytes)
[debug] [2026-06-11T08:33:56.234Z] [unzip] Processing entry: client\assets\provider-icons\auth_service_phone.svg
[debug] [2026-06-11T08:33:56.234Z] [unzip] else mkdir: C:\Users\Administrateur\.cache\firebase\emulators\ui-v1.15.0\client\assets\provider-icons
[debug] [2026-06-11T08:33:56.234Z] [unzip] deflating: C:\Users\Administrateur\.cache\firebase\emulators\ui-v1.15.0\client\assets\provider-icons\auth_service_phone.svg
[debug] [2026-06-11T08:33:56.235Z] [unzip] Entry: client/assets/provider-icons/auth_service_facebook.svg (compressed_size=289 bytes, uncompressed_size=457 bytes)
[debug] [2026-06-11T08:33:56.235Z] [unzip] Processing entry: client\assets\provider-icons\auth_service_facebook.svg
[debug] [2026-06-11T08:33:56.235Z] [unzip] else mkdir: C:\Users\Administrateur\.cache\firebase\emulators\ui-v1.15.0\client\assets\provider-icons
[debug] [2026-06-11T08:33:56.235Z] [unzip] deflating: C:\Users\Administrateur\.cache\firebase\emulators\ui-v1.15.0\client\assets\provider-icons\auth_service_facebook.svg
[debug] [2026-06-11T08:33:56.236Z] [unzip] Entry: client/assets/provider-icons/auth_service_game_center.svg (compressed_size=991 bytes, uncompressed_size=3921 bytes)
[debug] [2026-06-11T08:33:56.236Z] [unzip] Processing entry: client\assets\provider-icons\auth_service_game_center.svg
[debug] [2026-06-11T08:33:56.236Z] [unzip] else mkdir: C:\Users\Administrateur\.cache\firebase\emulators\ui-v1.15.0\client\assets\provider-icons
[debug] [2026-06-11T08:33:56.236Z] [unzip] deflating: C:\Users\Administrateur\.cache\firebase\emulators\ui-v1.15.0\client\assets\provider-icons\auth_service_game_center.svg
[debug] [2026-06-11T08:33:56.237Z] [unzip] Entry: client/assets/provider-icons/auth_service_apple.svg (compressed_size=230 bytes, uncompressed_size=334 bytes)
[debug] [2026-06-11T08:33:56.237Z] [unzip] Processing entry: client\assets\provider-icons\auth_service_apple.svg
[debug] [2026-06-11T08:33:56.237Z] [unzip] else mkdir: C:\Users\Administrateur\.cache\firebase\emulators\ui-v1.15.0\client\assets\provider-icons
[debug] [2026-06-11T08:33:56.238Z] [unzip] deflating: C:\Users\Administrateur\.cache\firebase\emulators\ui-v1.15.0\client\assets\provider-icons\auth_service_apple.svg
[debug] [2026-06-11T08:33:56.238Z] [unzip] Entry: client/assets/provider-icons/auth_service_github.svg (compressed_size=466 bytes, uncompressed_size=838 bytes)
[debug] [2026-06-11T08:33:56.238Z] [unzip] Processing entry: client\assets\provider-icons\auth_service_github.svg
[debug] [2026-06-11T08:33:56.238Z] [unzip] else mkdir: C:\Users\Administrateur\.cache\firebase\emulators\ui-v1.15.0\client\assets\provider-icons
[debug] [2026-06-11T08:33:56.239Z] [unzip] deflating: C:\Users\Administrateur\.cache\firebase\emulators\ui-v1.15.0\client\assets\provider-icons\auth_service_github.svg
[debug] [2026-06-11T08:33:56.240Z] [unzip] Entry: client/assets/provider-icons/auth_service_mslive.svg (compressed_size=203 bytes, uncompressed_size=378 bytes)
[debug] [2026-06-11T08:33:56.240Z] [unzip] Processing entry: client\assets\provider-icons\auth_service_mslive.svg
[debug] [2026-06-11T08:33:56.240Z] [unzip] else mkdir: C:\Users\Administrateur\.cache\firebase\emulators\ui-v1.15.0\client\assets\provider-icons
[debug] [2026-06-11T08:33:56.240Z] [unzip] deflating: C:\Users\Administrateur\.cache\firebase\emulators\ui-v1.15.0\client\assets\provider-icons\auth_service_mslive.svg
[debug] [2026-06-11T08:33:56.241Z] [unzip] Entry: client/assets/provider-icons/auth_service_yahoo.svg (compressed_size=577 bytes, uncompressed_size=1182 bytes)
[debug] [2026-06-11T08:33:56.242Z] [unzip] Processing entry: client\assets\provider-icons\auth_service_yahoo.svg
[debug] [2026-06-11T08:33:56.242Z] [unzip] else mkdir: C:\Users\Administrateur\.cache\firebase\emulators\ui-v1.15.0\client\assets\provider-icons
[debug] [2026-06-11T08:33:56.242Z] [unzip] deflating: C:\Users\Administrateur\.cache\firebase\emulators\ui-v1.15.0\client\assets\provider-icons\auth_service_yahoo.svg
[debug] [2026-06-11T08:33:56.243Z] [unzip] Entry: client/assets/provider-icons/auth_service_twitter.svg (compressed_size=444 bytes, uncompressed_size=751 bytes)
[debug] [2026-06-11T08:33:56.243Z] [unzip] Processing entry: client\assets\provider-icons\auth_service_twitter.svg
[debug] [2026-06-11T08:33:56.243Z] [unzip] else mkdir: C:\Users\Administrateur\.cache\firebase\emulators\ui-v1.15.0\client\assets\provider-icons
[debug] [2026-06-11T08:33:56.243Z] [unzip] deflating: C:\Users\Administrateur\.cache\firebase\emulators\ui-v1.15.0\client\assets\provider-icons\auth_service_twitter.svg
[debug] [2026-06-11T08:33:56.244Z] [unzip] Entry: client/assets/provider-icons/auth_service_play_games.svg (compressed_size=565 bytes, uncompressed_size=1173 bytes)
[debug] [2026-06-11T08:33:56.244Z] [unzip] Processing entry: client\assets\provider-icons\auth_service_play_games.svg
[debug] [2026-06-11T08:33:56.244Z] [unzip] else mkdir: C:\Users\Administrateur\.cache\firebase\emulators\ui-v1.15.0\client\assets\provider-icons
[debug] [2026-06-11T08:33:56.245Z] [unzip] deflating: C:\Users\Administrateur\.cache\firebase\emulators\ui-v1.15.0\client\assets\provider-icons\auth_service_play_games.svg
[debug] [2026-06-11T08:33:56.246Z] [unzip] Entry: client/assets/provider-icons/auth_service_email.svg (compressed_size=228 bytes, uncompressed_size=326 bytes)
[debug] [2026-06-11T08:33:56.246Z] [unzip] Processing entry: client\assets\provider-icons\auth_service_email.svg
[debug] [2026-06-11T08:33:56.246Z] [unzip] else mkdir: C:\Users\Administrateur\.cache\firebase\emulators\ui-v1.15.0\client\assets\provider-icons
[debug] [2026-06-11T08:33:56.246Z] [unzip] deflating: C:\Users\Administrateur\.cache\firebase\emulators\ui-v1.15.0\client\assets\provider-icons\auth_service_email.svg
[debug] [2026-06-11T08:33:56.247Z] [unzip] Entry: client/assets/provider-icons/auth_service_google.svg (compressed_size=409 bytes, uncompressed_size=720 bytes)
[debug] [2026-06-11T08:33:56.247Z] [unzip] Processing entry: client\assets\provider-icons\auth_service_google.svg
[debug] [2026-06-11T08:33:56.247Z] [unzip] else mkdir: C:\Users\Administrateur\.cache\firebase\emulators\ui-v1.15.0\client\assets\provider-icons
[debug] [2026-06-11T08:33:56.247Z] [unzip] deflating: C:\Users\Administrateur\.cache\firebase\emulators\ui-v1.15.0\client\assets\provider-icons\auth_service_google.svg
[debug] [2026-06-11T08:33:56.248Z] [unzip] Entry: client/assets/provider-icons/auth_service_oidc.svg (compressed_size=414 bytes, uncompressed_size=858 bytes)
[debug] [2026-06-11T08:33:56.248Z] [unzip] Processing entry: client\assets\provider-icons\auth_service_oidc.svg
[debug] [2026-06-11T08:33:56.248Z] [unzip] else mkdir: C:\Users\Administrateur\.cache\firebase\emulators\ui-v1.15.0\client\assets\provider-icons
[debug] [2026-06-11T08:33:56.249Z] [unzip] deflating: C:\Users\Administrateur\.cache\firebase\emulators\ui-v1.15.0\client\assets\provider-icons\auth_service_oidc.svg
[debug] [2026-06-11T08:33:56.250Z] [unzip] Entry: client/browserconfig.xml (compressed_size=491 bytes, uncompressed_size=822 bytes)
[debug] [2026-06-11T08:33:56.250Z] [unzip] Processing entry: client\browserconfig.xml
[debug] [2026-06-11T08:33:56.250Z] [unzip] else mkdir: C:\Users\Administrateur\.cache\firebase\emulators\ui-v1.15.0\client
[debug] [2026-06-11T08:33:56.250Z] [unzip] deflating: C:\Users\Administrateur\.cache\firebase\emulators\ui-v1.15.0\client\browserconfig.xml
[debug] [2026-06-11T08:33:56.251Z] [unzip] Entry: client/favicon-32x32.png (compressed_size=475 bytes, uncompressed_size=475 bytes)
[debug] [2026-06-11T08:33:56.251Z] [unzip] Processing entry: client\favicon-32x32.png
[debug] [2026-06-11T08:33:56.251Z] [unzip] else mkdir: C:\Users\Administrateur\.cache\firebase\emulators\ui-v1.15.0\client
[debug] [2026-06-11T08:33:56.251Z] [unzip] Writing file: C:\Users\Administrateur\.cache\firebase\emulators\ui-v1.15.0\client\favicon-32x32.png
[debug] [2026-06-11T08:33:56.252Z] [unzip] Entry: server/ (compressed_size=0 bytes, uncompressed_size=0 bytes)
[debug] [2026-06-11T08:33:56.252Z] [unzip] Processing entry: server\
[debug] [2026-06-11T08:33:56.252Z] [unzip] mkdir: C:\Users\Administrateur\.cache\firebase\emulators\ui-v1.15.0\server\
[debug] [2026-06-11T08:33:56.253Z] [unzip] Entry: server/server.mjs.map (compressed_size=217845 bytes, uncompressed_size=944978 bytes)
[debug] [2026-06-11T08:33:56.253Z] [unzip] Processing entry: server\server.mjs.map
[debug] [2026-06-11T08:33:56.253Z] [unzip] else mkdir: C:\Users\Administrateur\.cache\firebase\emulators\ui-v1.15.0\server
[debug] [2026-06-11T08:33:56.253Z] [unzip] deflating: C:\Users\Administrateur\.cache\firebase\emulators\ui-v1.15.0\server\server.mjs.map
[debug] [2026-06-11T08:33:56.259Z] [unzip] Entry: server/server.mjs (compressed_size=276407 bytes, uncompressed_size=933701 bytes)
[debug] [2026-06-11T08:33:56.259Z] [unzip] Processing entry: server\server.mjs
[debug] [2026-06-11T08:33:56.259Z] [unzip] else mkdir: C:\Users\Administrateur\.cache\firebase\emulators\ui-v1.15.0\server
[debug] [2026-06-11T08:33:56.260Z] [unzip] deflating: C:\Users\Administrateur\.cache\firebase\emulators\ui-v1.15.0\server\server.mjs
[debug] [2026-06-11T08:33:56.272Z] Could not find VSCode notification endpoint: FetchError: request to http://localhost:40001/vscode/notify failed, reason: . If you are not running the Firebase SQL Connect VSCode extension, this is expected and not an issue.
[info] 
┌─────────────────────────────────────────────────────────────┐
│ ✔  All emulators ready! It is now safe to connect your app. │
│ i  View Emulator UI at http://127.0.0.1:4000/               │
└─────────────────────────────────────────────────────────────┘

┌────────────────┬────────────────┬────────────────────────────┐
│ Emulator       │ Host:Port      │ View in Emulator UI        │
├────────────────┼────────────────┼────────────────────────────┤
│ Authentication │ 127.0.0.1:9099 │ http://127.0.0.1:4000/auth │
└────────────────┴────────────────┴────────────────────────────┘
  Emulator Hub host: 127.0.0.1 port: 4400
  Other reserved ports: 4500

Issues? Report them at https://github.com/firebase/firebase-tools/issues and attach the *-debug.log files.
 
